<?xml version="1.0" encoding="UTF-8" ?>
<testsuites name="vitest tests" tests="112" failures="0" errors="0" time="0.505506">
    <testsuite name="src/components/__tests__/ContactForm.test.tsx" timestamp="2025-12-17T20:04:38.190Z" hostname="Mac.home" tests="25" failures="0" errors="0" skipped="5" time="0.1070205">
        <testcase classname="src/components/__tests__/ContactForm.test.tsx" name="Contact Form Validation &gt; Name Field Validation &gt; validates minimum length (2 characters)" time="0">
            <skipped/>
        </testcase>
        <testcase classname="src/components/__tests__/ContactForm.test.tsx" name="Contact Form Validation &gt; Name Field Validation &gt; validates maximum length (50 characters)" time="0.000963292">
        </testcase>
        <testcase classname="src/components/__tests__/ContactForm.test.tsx" name="Contact Form Validation &gt; Name Field Validation &gt; accepts valid name formats" time="0.000393666">
        </testcase>
        <testcase classname="src/components/__tests__/ContactForm.test.tsx" name="Contact Form Validation &gt; Name Field Validation &gt; rejects names with invalid characters" time="0.000213667">
        </testcase>
        <testcase classname="src/components/__tests__/ContactForm.test.tsx" name="Contact Form Validation &gt; Email Field Validation &gt; validates email format" time="0.000190625">
        </testcase>
        <testcase classname="src/components/__tests__/ContactForm.test.tsx" name="Contact Form Validation &gt; Email Field Validation &gt; rejects invalid email formats" time="0.000106959">
        </testcase>
        <testcase classname="src/components/__tests__/ContactForm.test.tsx" name="Contact Form Validation &gt; Email Field Validation &gt; validates maximum length (100 characters)" time="0.000082959">
        </testcase>
        <testcase classname="src/components/__tests__/ContactForm.test.tsx" name="Contact Form Validation &gt; Project Field Validation &gt; is optional (can be empty)" time="0">
            <skipped/>
        </testcase>
        <testcase classname="src/components/__tests__/ContactForm.test.tsx" name="Contact Form Validation &gt; Project Field Validation &gt; validates minimum length when provided (3 characters)" time="0.000058291">
        </testcase>
        <testcase classname="src/components/__tests__/ContactForm.test.tsx" name="Contact Form Validation &gt; Project Field Validation &gt; validates maximum length (100 characters)" time="0.000049875">
        </testcase>
        <testcase classname="src/components/__tests__/ContactForm.test.tsx" name="Contact Form Validation &gt; Message Field Validation &gt; validates minimum length (10 characters)" time="0.0001065">
        </testcase>
        <testcase classname="src/components/__tests__/ContactForm.test.tsx" name="Contact Form Validation &gt; Message Field Validation &gt; validates maximum length (1000 characters)" time="0.000073666">
        </testcase>
        <testcase classname="src/components/__tests__/ContactForm.test.tsx" name="Contact Form Validation &gt; Security Features &gt; sanitizes input to prevent XSS" time="0.000180167">
        </testcase>
        <testcase classname="src/components/__tests__/ContactForm.test.tsx" name="Contact Form Validation &gt; Security Features &gt; detects SQL injection patterns" time="0.000173625">
        </testcase>
        <testcase classname="src/components/__tests__/ContactForm.test.tsx" name="Contact Form Validation &gt; Security Features &gt; validates CSRF token presence" time="0.000071958">
        </testcase>
        <testcase classname="src/components/__tests__/ContactForm.test.tsx" name="Contact Form Validation &gt; Security Features &gt; implements honeypot field for bot detection" time="0">
            <skipped/>
        </testcase>
        <testcase classname="src/components/__tests__/ContactForm.test.tsx" name="Contact Form Validation &gt; Rate Limiting &gt; enforces maximum submission attempts" time="0">
            <skipped/>
        </testcase>
        <testcase classname="src/components/__tests__/ContactForm.test.tsx" name="Contact Form Validation &gt; Rate Limiting &gt; displays error message when rate limit exceeded" time="0.000049167">
        </testcase>
        <testcase classname="src/components/__tests__/ContactForm.test.tsx" name="Contact Form Validation &gt; Form Submission Flow &gt; validates all fields before submission" time="0.000054291">
        </testcase>
        <testcase classname="src/components/__tests__/ContactForm.test.tsx" name="Contact Form Validation &gt; Form Submission Flow &gt; shows success message after valid submission" time="0.101016167">
        </testcase>
        <testcase classname="src/components/__tests__/ContactForm.test.tsx" name="Contact Form Validation &gt; Form Submission Flow &gt; resets form after successful submission" time="0.000130291">
        </testcase>
        <testcase classname="src/components/__tests__/ContactForm.test.tsx" name="Contact Form Validation &gt; Form Submission Flow &gt; generates new CSRF token after submission" time="0">
            <skipped/>
        </testcase>
        <testcase classname="src/components/__tests__/ContactForm.test.tsx" name="Contact Form Validation &gt; Accessibility &gt; provides error messages with role=&quot;alert&quot;" time="0.00090975">
        </testcase>
        <testcase classname="src/components/__tests__/ContactForm.test.tsx" name="Contact Form Validation &gt; Accessibility &gt; has proper aria-labels on form fields" time="0.000262584">
        </testcase>
        <testcase classname="src/components/__tests__/ContactForm.test.tsx" name="Contact Form Validation &gt; Accessibility &gt; disables submit button while submitting" time="0.000364333">
        </testcase>
    </testsuite>
    <testsuite name="src/lib/__tests__/formSecurity.test.ts" timestamp="2025-12-17T20:04:38.200Z" hostname="Mac.home" tests="16" failures="0" errors="0" skipped="0" time="0.044587084">
        <testcase classname="src/lib/__tests__/formSecurity.test.ts" name="Form Security Utilities &gt; CSRFProtection &gt; generates a new token and stores it in sessionStorage" time="0.018397042">
        </testcase>
        <testcase classname="src/lib/__tests__/formSecurity.test.ts" name="Form Security Utilities &gt; CSRFProtection &gt; retrieves an existing valid token" time="0.000531958">
        </testcase>
        <testcase classname="src/lib/__tests__/formSecurity.test.ts" name="Form Security Utilities &gt; CSRFProtection &gt; returns null if token does not exist" time="0.000820625">
        </testcase>
        <testcase classname="src/lib/__tests__/formSecurity.test.ts" name="Form Security Utilities &gt; CSRFProtection &gt; returns null and clears storage if token is expired" time="0.000518">
        </testcase>
        <testcase classname="src/lib/__tests__/formSecurity.test.ts" name="Form Security Utilities &gt; CSRFProtection &gt; validates a correct token" time="0.000143875">
        </testcase>
        <testcase classname="src/lib/__tests__/formSecurity.test.ts" name="Form Security Utilities &gt; CSRFProtection &gt; rejects an incorrect token" time="0.00047775">
        </testcase>
        <testcase classname="src/lib/__tests__/formSecurity.test.ts" name="Form Security Utilities &gt; RateLimiter &gt; allows requests within the limit" time="0.000441">
        </testcase>
        <testcase classname="src/lib/__tests__/formSecurity.test.ts" name="Form Security Utilities &gt; RateLimiter &gt; blocks requests exceeding the limit" time="0.000106417">
        </testcase>
        <testcase classname="src/lib/__tests__/formSecurity.test.ts" name="Form Security Utilities &gt; RateLimiter &gt; resets limit after window expires" time="0.001105958">
        </testcase>
        <testcase classname="src/lib/__tests__/formSecurity.test.ts" name="Form Security Utilities &gt; RateLimiter &gt; calculates remaining time correctly" time="0.000277333">
        </testcase>
        <testcase classname="src/lib/__tests__/formSecurity.test.ts" name="Form Security Utilities &gt; InputSanitizer &gt; sanitizes HTML input" time="0.011084333">
        </testcase>
        <testcase classname="src/lib/__tests__/formSecurity.test.ts" name="Form Security Utilities &gt; InputSanitizer &gt; sanitizes email input" time="0.000367916">
        </testcase>
        <testcase classname="src/lib/__tests__/formSecurity.test.ts" name="Form Security Utilities &gt; InputSanitizer &gt; sanitizes text input (removes null bytes)" time="0.000133084">
        </testcase>
        <testcase classname="src/lib/__tests__/formSecurity.test.ts" name="Form Security Utilities &gt; InputSanitizer &gt; detects SQL injection" time="0.000419583">
        </testcase>
        <testcase classname="src/lib/__tests__/formSecurity.test.ts" name="Form Security Utilities &gt; useHoneypot &gt; generates field name on client side (useEffect)" time="0.006737792">
        </testcase>
        <testcase classname="src/lib/__tests__/formSecurity.test.ts" name="Form Security Utilities &gt; useHoneypot &gt; validates empty value correctly" time="0.000791167">
        </testcase>
    </testsuite>
    <testsuite name="src/lib/__tests__/testUtils.test.ts" timestamp="2025-12-17T20:04:38.202Z" hostname="Mac.home" tests="19" failures="0" errors="0" skipped="0" time="0.012976375">
        <testcase classname="src/lib/__tests__/testUtils.test.ts" name="Test Utilities &gt; createConsoleSpy &gt; should capture console errors" time="0.002294042">
        </testcase>
        <testcase classname="src/lib/__tests__/testUtils.test.ts" name="Test Utilities &gt; createConsoleSpy &gt; should capture console warnings" time="0.000573625">
        </testcase>
        <testcase classname="src/lib/__tests__/testUtils.test.ts" name="Test Utilities &gt; createConsoleSpy &gt; should detect React key warnings" time="0.000317833">
        </testcase>
        <testcase classname="src/lib/__tests__/testUtils.test.ts" name="Test Utilities &gt; createConsoleSpy &gt; should restore console after use" time="0.001826667">
            <system-err>
This should not be captured

⚠️  Console errors in test:
This should not be captured

            </system-err>
        </testcase>
        <testcase classname="src/lib/__tests__/testUtils.test.ts" name="Test Utilities &gt; validateUniqueKeys &gt; should validate unique keys" time="0.00107675">
        </testcase>
        <testcase classname="src/lib/__tests__/testUtils.test.ts" name="Test Utilities &gt; validateUniqueKeys &gt; should detect duplicate keys" time="0.000537375">
        </testcase>
        <testcase classname="src/lib/__tests__/testUtils.test.ts" name="Test Utilities &gt; validateUniqueKeys &gt; should count undefined keys" time="0.000835625">
        </testcase>
        <testcase classname="src/lib/__tests__/testUtils.test.ts" name="Test Utilities &gt; validateUniqueKeys &gt; should detect multiple issues" time="0.000174333">
        </testcase>
        <testcase classname="src/lib/__tests__/testUtils.test.ts" name="Test Utilities &gt; createKeyMatcher &gt; should match valid key patterns" time="0.000200875">
        </testcase>
        <testcase classname="src/lib/__tests__/testUtils.test.ts" name="Test Utilities &gt; createKeyMatcher &gt; should work with complex patterns" time="0.000431959">
        </testcase>
        <testcase classname="src/lib/__tests__/testUtils.test.ts" name="Test Utilities &gt; expectNoKeyWarnings &gt; should pass when no key warnings" time="0.000650375">
        </testcase>
        <testcase classname="src/lib/__tests__/testUtils.test.ts" name="Test Utilities &gt; expectNoKeyWarnings &gt; should fail when key warnings are present" time="0.000374417">
        </testcase>
        <testcase classname="src/lib/__tests__/testUtils.test.ts" name="Test Utilities &gt; expectNoConsoleErrors &gt; should pass when no console errors" time="0.000118958">
        </testcase>
        <testcase classname="src/lib/__tests__/testUtils.test.ts" name="Test Utilities &gt; expectNoConsoleErrors &gt; should fail when console errors are present" time="0.000123458">
        </testcase>
        <testcase classname="src/lib/__tests__/testUtils.test.ts" name="Test Utilities &gt; createReactWarningChecker &gt; should detect React key warnings" time="0.0002155">
        </testcase>
        <testcase classname="src/lib/__tests__/testUtils.test.ts" name="Test Utilities &gt; createReactWarningChecker &gt; should detect unrecognized props" time="0.00008825">
        </testcase>
        <testcase classname="src/lib/__tests__/testUtils.test.ts" name="Test Utilities &gt; createReactWarningChecker &gt; should detect memory leak warnings" time="0.000748875">
        </testcase>
        <testcase classname="src/lib/__tests__/testUtils.test.ts" name="Test Utilities &gt; createReactWarningChecker &gt; should detect prop type warnings" time="0.000395041">
        </testcase>
        <testcase classname="src/lib/__tests__/testUtils.test.ts" name="Test Utilities &gt; createReactWarningChecker &gt; should handle multiple warning types" time="0.000196542">
        </testcase>
    </testsuite>
    <testsuite name="src/components/ui/__tests__/AnimatedMetrics.test.tsx" timestamp="2025-12-17T20:04:38.204Z" hostname="Mac.home" tests="20" failures="0" errors="0" skipped="5" time="0.092582083">
        <testcase classname="src/components/ui/__tests__/AnimatedMetrics.test.tsx" name="AnimatedMetrics &gt; Rendering &gt; renders all 4 metrics" time="0.025497875">
            <system-err>
Warning: React does not recognize the `whileInView` prop on a DOM element. If you intentionally want it to appear in the DOM as a custom attribute, spell it as lowercase `whileinview` instead. If you accidentally passed it from a parent component, remove it from the DOM element.
    at div
    at div
    at div
    at section
    at AnimatedMetrics

⚠️  Console errors in test:
Warning: React does not recognize the `%s` prop on a DOM element. If you intentionally want it to appear in the DOM as a custom attribute, spell it as lowercase `%s` instead. If you accidentally passed it from a parent component, remove it from the DOM element.%s whileInView whileinview 
    at div
    at div
    at div
    at section
    at AnimatedMetrics

            </system-err>
        </testcase>
        <testcase classname="src/components/ui/__tests__/AnimatedMetrics.test.tsx" name="AnimatedMetrics &gt; Rendering &gt; renders metrics in a grid layout" time="0.004514333">
        </testcase>
        <testcase classname="src/components/ui/__tests__/AnimatedMetrics.test.tsx" name="AnimatedMetrics &gt; Rendering &gt; applies glass morphism styling to metric cards" time="0.001770667">
        </testcase>
        <testcase classname="src/components/ui/__tests__/AnimatedMetrics.test.tsx" name="AnimatedMetrics &gt; Count-Up Animation Logic &gt; starts count from 0" time="0.001758458">
        </testcase>
        <testcase classname="src/components/ui/__tests__/AnimatedMetrics.test.tsx" name="AnimatedMetrics &gt; Count-Up Animation Logic &gt; counts up to target value (99.9)" time="0">
            <skipped/>
        </testcase>
        <testcase classname="src/components/ui/__tests__/AnimatedMetrics.test.tsx" name="AnimatedMetrics &gt; Count-Up Animation Logic &gt; displays integer values for whole numbers" time="0">
            <skipped/>
        </testcase>
        <testcase classname="src/components/ui/__tests__/AnimatedMetrics.test.tsx" name="AnimatedMetrics &gt; Count-Up Animation Logic &gt; displays decimal values for floats" time="0">
            <skipped/>
        </testcase>
        <testcase classname="src/components/ui/__tests__/AnimatedMetrics.test.tsx" name="AnimatedMetrics &gt; Count-Up Animation Logic &gt; applies correct prefixes and suffixes" time="0">
            <skipped/>
        </testcase>
        <testcase classname="src/components/ui/__tests__/AnimatedMetrics.test.tsx" name="AnimatedMetrics &gt; Animation Duration &gt; completes animation in 2000ms" time="0">
            <skipped/>
        </testcase>
        <testcase classname="src/components/ui/__tests__/AnimatedMetrics.test.tsx" name="AnimatedMetrics &gt; Easing Function &gt; uses easeOutQuart for smooth animation" time="0.000186708">
        </testcase>
        <testcase classname="src/components/ui/__tests__/AnimatedMetrics.test.tsx" name="AnimatedMetrics &gt; Easing Function &gt; accelerates quickly at the start" time="0.000126">
        </testcase>
        <testcase classname="src/components/ui/__tests__/AnimatedMetrics.test.tsx" name="AnimatedMetrics &gt; Viewport Detection &gt; only animates when scrolled into view" time="0.005093542">
        </testcase>
        <testcase classname="src/components/ui/__tests__/AnimatedMetrics.test.tsx" name="AnimatedMetrics &gt; Viewport Detection &gt; animates only once (not on every scroll)" time="0.002413583">
        </testcase>
        <testcase classname="src/components/ui/__tests__/AnimatedMetrics.test.tsx" name="AnimatedMetrics &gt; Responsive Design &gt; shows 2 columns on mobile" time="0.001162292">
        </testcase>
        <testcase classname="src/components/ui/__tests__/AnimatedMetrics.test.tsx" name="AnimatedMetrics &gt; Responsive Design &gt; shows 4 columns on desktop" time="0.002430292">
        </testcase>
        <testcase classname="src/components/ui/__tests__/AnimatedMetrics.test.tsx" name="AnimatedMetrics &gt; Hover Effects &gt; applies hover styles to metric cards" time="0.002473083">
        </testcase>
        <testcase classname="src/components/ui/__tests__/AnimatedMetrics.test.tsx" name="AnimatedMetrics &gt; Hover Effects &gt; changes label color on hover" time="0.001242375">
        </testcase>
        <testcase classname="src/components/ui/__tests__/AnimatedMetrics.test.tsx" name="AnimatedMetrics &gt; Accessibility &gt; has semantic section element" time="0.000935375">
        </testcase>
        <testcase classname="src/components/ui/__tests__/AnimatedMetrics.test.tsx" name="AnimatedMetrics &gt; Accessibility &gt; displays readable metric labels" time="0.040142042">
        </testcase>
        <testcase classname="src/components/ui/__tests__/AnimatedMetrics.test.tsx" name="AnimatedMetrics &gt; Performance &gt; uses requestAnimationFrame for smooth animation" time="0.001663959">
        </testcase>
    </testsuite>
    <testsuite name="src/components/ui/__tests__/ErrorBoundary.test.tsx" timestamp="2025-12-17T20:04:38.212Z" hostname="Mac.home" tests="18" failures="0" errors="0" skipped="0" time="0.144654833">
        <testcase classname="src/components/ui/__tests__/ErrorBoundary.test.tsx" name="ErrorBoundary &gt; Normal Operation &gt; renders children when no error occurs" time="0.023537167">
        </testcase>
        <testcase classname="src/components/ui/__tests__/ErrorBoundary.test.tsx" name="ErrorBoundary &gt; Normal Operation &gt; passes props to children correctly" time="0.004255625">
        </testcase>
        <testcase classname="src/components/ui/__tests__/ErrorBoundary.test.tsx" name="ErrorBoundary &gt; Error Handling &gt; catches errors from child components" time="0.041161291">
        </testcase>
        <testcase classname="src/components/ui/__tests__/ErrorBoundary.test.tsx" name="ErrorBoundary &gt; Error Handling &gt; displays default fallback UI when error occurs" time="0.00257425">
        </testcase>
        <testcase classname="src/components/ui/__tests__/ErrorBoundary.test.tsx" name="ErrorBoundary &gt; Error Handling &gt; displays custom fallback UI when provided" time="0.002713708">
        </testcase>
        <testcase classname="src/components/ui/__tests__/ErrorBoundary.test.tsx" name="ErrorBoundary &gt; Sentry Integration &gt; sends error to Sentry when error occurs" time="0.004459375">
        </testcase>
        <testcase classname="src/components/ui/__tests__/ErrorBoundary.test.tsx" name="ErrorBoundary &gt; Sentry Integration &gt; sends error with React component stack context" time="0.006866709">
        </testcase>
        <testcase classname="src/components/ui/__tests__/ErrorBoundary.test.tsx" name="ErrorBoundary &gt; Sentry Integration &gt; captures the correct error instance" time="0.001837083">
        </testcase>
        <testcase classname="src/components/ui/__tests__/ErrorBoundary.test.tsx" name="ErrorBoundary &gt; Error Callback &gt; calls onError callback when provided" time="0.000996208">
        </testcase>
        <testcase classname="src/components/ui/__tests__/ErrorBoundary.test.tsx" name="ErrorBoundary &gt; Error Callback &gt; receives error and errorInfo in callback" time="0.002786375">
        </testcase>
        <testcase classname="src/components/ui/__tests__/ErrorBoundary.test.tsx" name="ErrorBoundary &gt; Development vs Production &gt; logs error to console in development" time="0.004320125">
        </testcase>
        <testcase classname="src/components/ui/__tests__/ErrorBoundary.test.tsx" name="ErrorBoundary &gt; State Management &gt; updates hasError state when error occurs" time="0.001498291">
        </testcase>
        <testcase classname="src/components/ui/__tests__/ErrorBoundary.test.tsx" name="ErrorBoundary &gt; State Management &gt; stores error in component state" time="0.00213175">
        </testcase>
        <testcase classname="src/components/ui/__tests__/ErrorBoundary.test.tsx" name="ErrorBoundary &gt; Multiple Errors &gt; handles multiple child errors independently" time="0.00519225">
        </testcase>
        <testcase classname="src/components/ui/__tests__/ErrorBoundary.test.tsx" name="ErrorBoundary &gt; Multiple Errors &gt; isolates errors to specific boundaries" time="0.003249041">
        </testcase>
        <testcase classname="src/components/ui/__tests__/ErrorBoundary.test.tsx" name="ErrorBoundary &gt; Animation Protection &gt; prevents animation crashes from breaking the page" time="0.002175458">
        </testcase>
        <testcase classname="src/components/ui/__tests__/ErrorBoundary.test.tsx" name="ErrorBoundary &gt; Accessibility &gt; fallback UI is visible for debugging" time="0.002056791">
        </testcase>
        <testcase classname="src/components/ui/__tests__/ErrorBoundary.test.tsx" name="ErrorBoundary &gt; Accessibility &gt; custom fallback can include proper ARIA labels" time="0.031388791">
        </testcase>
    </testsuite>
    <testsuite name="src/components/layout/__tests__/Header.test.tsx" timestamp="2025-12-17T20:04:38.216Z" hostname="Mac.home" tests="14" failures="0" errors="0" skipped="0" time="0.103685125">
        <testcase classname="src/components/layout/__tests__/Header.test.tsx" name="Header &gt; renders the logo and brand name" time="0.032735208">
        </testcase>
        <testcase classname="src/components/layout/__tests__/Header.test.tsx" name="Header &gt; renders all navigation links" time="0.030802666">
        </testcase>
        <testcase classname="src/components/layout/__tests__/Header.test.tsx" name="Header &gt; renders &quot;Start a Project&quot; CTA button" time="0.0027845">
        </testcase>
        <testcase classname="src/components/layout/__tests__/Header.test.tsx" name="Header &gt; has skip link for keyboard navigation" time="0.002299417">
        </testcase>
        <testcase classname="src/components/layout/__tests__/Header.test.tsx" name="Header &gt; Mobile Menu &gt; mobile menu is initially closed" time="0.001683208">
        </testcase>
        <testcase classname="src/components/layout/__tests__/Header.test.tsx" name="Header &gt; Mobile Menu &gt; opens mobile menu when hamburger button is clicked" time="0.0090845">
        </testcase>
        <testcase classname="src/components/layout/__tests__/Header.test.tsx" name="Header &gt; Mobile Menu &gt; closes mobile menu when X button is clicked" time="0.004095125">
        </testcase>
        <testcase classname="src/components/layout/__tests__/Header.test.tsx" name="Header &gt; Mobile Menu &gt; closes mobile menu when navigation link is clicked" time="0.003929292">
        </testcase>
        <testcase classname="src/components/layout/__tests__/Header.test.tsx" name="Header &gt; Mobile Menu &gt; toggles aria-expanded attribute on menu button" time="0.002637333">
        </testcase>
        <testcase classname="src/components/layout/__tests__/Header.test.tsx" name="Header &gt; Accessibility &gt; has proper ARIA labels on navigation" time="0.002659209">
        </testcase>
        <testcase classname="src/components/layout/__tests__/Header.test.tsx" name="Header &gt; Accessibility &gt; has descriptive aria-label on CTA button" time="0.001048042">
        </testcase>
        <testcase classname="src/components/layout/__tests__/Header.test.tsx" name="Header &gt; Accessibility &gt; mobile menu button has proper aria-controls" time="0.0016945">
        </testcase>
        <testcase classname="src/components/layout/__tests__/Header.test.tsx" name="Header &gt; Styling &gt; header has fixed positioning and backdrop blur" time="0.002333167">
        </testcase>
        <testcase classname="src/components/layout/__tests__/Header.test.tsx" name="Header &gt; Styling &gt; navigation links have hover transitions" time="0.001688583">
        </testcase>
    </testsuite>
</testsuites>
